<?xml version="1.0" encoding="UTF-8"?>
<testsuite xmlns:xsi="http://www.w3.org/2001/XMLSchema-instance" xsi:noNamespaceSchemaLocation="https://maven.apache.org/surefire/maven-surefire-plugin/xsd/surefire-test-report-3.0.xsd" version="3.0" name="com.example.myRooms.rooms_mngmnt.RoomsMngmntApplicationTests" time="2.816" tests="1" errors="0" skipped="0" failures="0">
  <properties>
[...]
</properties>
  <testcase name="contextLoads" classname="com.example.myRooms.rooms_mngmnt.RoomsMngmntApplicationTests" time="0.724">
    <system-out><![CDATA[18:00:23.287 [main] INFO org.springframework.test.context.support.AnnotationConfigContextLoaderUtils -- Could not detect default configuration classes for test class [com.example.myRooms.rooms_mngmnt.RoomsMngmntApplicationTests]: RoomsMngmntApplicationTests does not declare any static, non-private, non-final, nested classes annotated with @Configuration.
18:00:23.389 [main] INFO org.springframework.boot.test.context.SpringBootTestContextBootstrapper -- Found @SpringBootConfiguration com.example.myRooms.rooms_mngmnt.RoomsMngmntApplication for test class com.example.myRooms.rooms_mngmnt.RoomsMngmntApplicationTests
18:00:23.547 [main] INFO org.springframework.boot.devtools.restart.RestartApplicationListener -- Restart disabled due to context in which it is running

  .   ____          _            __ _ _
 /\\ / ___'_ __ _ _(_)_ __  __ _ \ \ \ \
( ( )\___ | '_ | '_| | '_ \/ _` | \ \ \ \
 \\/  ___)| |_)| | | | | || (_| |  ) ) ) )
  '  |____| .__|_| |_|_| |_\__, | / / / /
 =========|_|==============|___/=/_/_/_/

 :: Spring Boot ::                (v3.3.5)

2024-11-05T18:00:23.863+01:00  INFO 23728 --- [           main] c.e.m.r.RoomsMngmntApplicationTests      : Starting RoomsMngmntApplicationTests using Java 23.0.1 with PID 23728 (started by kevin in C:\Users\kevin\Desktop\Projects\rooms-mngmnt)
2024-11-05T18:00:23.864+01:00  INFO 23728 --- [           main] c.e.m.r.RoomsMngmntApplicationTests      : No active profile set, falling back to 1 default profile: "default"
2024-11-05T18:00:25.208+01:00  INFO 23728 --- [           main] c.e.m.r.RoomsMngmntApplicationTests      : Started RoomsMngmntApplicationTests in 1.672 seconds (process running for 2.641)
]]></system-out>
    <system-err><![CDATA[WARNING: A Java agent has been loaded dynamically (C:\Users\kevin\.m2\repository\net\bytebuddy\byte-buddy-agent\1.14.19\byte-buddy-agent-1.14.19.jar)
WARNING: If a serviceability tool is in use, please run with -XX:+EnableDynamicAgentLoading to hide this warning
WARNING: If a serviceability tool is not in use, please run with -Djdk.instrument.traceUsage for more information
WARNING: Dynamic loading of agents will be disallowed by default in a future release
]]></system-err>
  </testcase>
</testsuite>